[debug] [2024-03-07T23:57:01.708Z] ----------------------------------------------------------------------
[debug] [2024-03-07T23:57:01.710Z] Command:       C:\Program Files\nodejs\node.exe C:\Users\rc682\AppData\Roaming\npm\node_modules\firebase-tools\lib\bin\firebase.js init hosting
[debug] [2024-03-07T23:57:01.710Z] CLI Version:   13.3.1
[debug] [2024-03-07T23:57:01.710Z] Platform:      win32
[debug] [2024-03-07T23:57:01.710Z] Node Version:  v20.10.0
[debug] [2024-03-07T23:57:01.710Z] Time:          Thu Mar 07 2024 18:57:01 GMT-0500 (Eastern Standard Time)
[debug] [2024-03-07T23:57:01.710Z] ----------------------------------------------------------------------
[debug] 
[debug] [2024-03-07T23:57:01.761Z] > command requires scopes: ["email","openid","https://www.googleapis.com/auth/cloudplatformprojects.readonly","https://www.googleapis.com/auth/firebase","https://www.googleapis.com/auth/cloud-platform"]
[debug] [2024-03-07T23:57:01.762Z] > authorizing via signed-in user (rc682685@gmail.com)
[info] 
     ######## #### ########  ######## ########     ###     ######  ########
     ##        ##  ##     ## ##       ##     ##  ##   ##  ##       ##
     ######    ##  ########  ######   ########  #########  ######  ######
     ##        ##  ##    ##  ##       ##     ## ##     ##       ## ##
     ##       #### ##     ## ######## ########  ##     ##  ######  ########

You're about to initialize a Firebase project in this directory:

  C:\Users\rc682

Before we get started, keep in mind:

  * You are initializing within an existing Firebase project directory

[info] 
=== Project Setup
[info] 
[info] First, let's associate this project directory with a Firebase project.
[info] You can create multiple project aliases by running firebase use --add, 
[info] but for now we'll just set up a default project.
[info] 
[debug] [2024-03-07T23:57:04.470Z] Using project from CLI flag: newescf4
[debug] [2024-03-07T23:57:04.472Z] >>> [apiv2][query] GET https://firebase.googleapis.com/v1beta1/projects/newescf4 [none]
[debug] [2024-03-07T23:57:04.721Z] <<< [apiv2][status] GET https://firebase.googleapis.com/v1beta1/projects/newescf4 200
[debug] [2024-03-07T23:57:04.721Z] <<< [apiv2][body] GET https://firebase.googleapis.com/v1beta1/projects/newescf4 {"projectId":"newescf4","projectNumber":"327557962329","displayName":"newescF4","name":"projects/newescf4","resources":{"hostingSite":"newescf4"},"state":"ACTIVE","etag":"1_2989ff37-1c17-4f96-be55-7bde0d271d3a"}
[info] i  Using project newescf4 (newescF4) 
[info] 
=== Hosting Setup
[debug] [2024-03-07T23:57:04.725Z] >>> [apiv2][query] GET https://firebase.googleapis.com/v1beta1/projects/newescf4 [none]
[debug] [2024-03-07T23:57:04.875Z] <<< [apiv2][status] GET https://firebase.googleapis.com/v1beta1/projects/newescf4 200
[debug] [2024-03-07T23:57:04.876Z] <<< [apiv2][body] GET https://firebase.googleapis.com/v1beta1/projects/newescf4 {"projectId":"newescf4","projectNumber":"327557962329","displayName":"newescF4","name":"projects/newescf4","resources":{"hostingSite":"newescf4"},"state":"ACTIVE","etag":"1_2989ff37-1c17-4f96-be55-7bde0d271d3a"}
[info] 
[info] Your public directory is the folder (relative to your project directory) that
[info] will contain Hosting assets to be uploaded with firebase deploy. If you
[info] have a build process for your assets, use your build's output directory.
[info] 
